#
# A fatal error has been detected by the Java Runtime Environment:
#
#  EXCEPTION_ACCESS_VIOLATION (0xc0000005) at pc=0x000000005ed1756f, pid=6324, tid=6692
#
# JRE version: Java(TM) SE Runtime Environment (8.0_40-b26) (build 1.8.0_40-b26)
# Java VM: Java HotSpot(TM) 64-Bit Server VM (25.40-b25 mixed mode windows-amd64 compressed oops)
# Problematic frame:
# V  [jvm.dll+0x4b756f]
#
# Failed to write core dump. Minidumps are not enabled by default on client versions of Windows
#
# If you would like to submit a bug report, please visit:
#   http://bugreport.java.com/bugreport/crash.jsp
#

---------------  T H R E A D  ---------------

Current thread (0x0000000056480800):  JavaThread "C2 CompilerThread1" daemon [_thread_in_native, id=6692, stack(0x0000000056d40000,0x0000000056e40000)]

siginfo: ExceptionCode=0xc0000005, reading address 0xffffffffffffffff

Registers:
RAX=0x573c9fc800000000, RBX=0x00000000573c9f94, RCX=0x00000000573c9f94, RDX=0x0000000000000000
RSP=0x0000000056e3b9d0, RBP=0x000000005b90b108, RSI=0x0000000056e3be80, RDI=0x0000000056e3ba98
R8 =0x0000000000000002, R9 =0x0000000000000000, R10=0x000000005b5ad008, R11=0x0000000000000002
R12=0x0000000056e3ba78, R13=0x0000000000000358, R14=0x0000000057f52c68, R15=0x000000000000006b
RIP=0x000000005ed1756f, EFLAGS=0x0000000000010202

Top of Stack: (sp=0x0000000056e3b9d0)
0x0000000056e3b9d0:   000000005b5ab538 00000000000003d0
0x0000000056e3b9e0:   0000000056e3ba98 0000000056e3ba78
0x0000000056e3b9f0:   000000005ba17500 000000005647b030
0x0000000056e3ba00:   0000000000000000 0000000000000002
0x0000000056e3ba10:   00000000573c9f90 000000005b965a20
0x0000000056e3ba20:   000000005647b030 0000000056e3be60
0x0000000056e3ba30:   0000000056e3bb40 000000005ed19767
0x0000000056e3ba40:   0000000056e3be60 0000000056e3ba98
0x0000000056e3ba50:   000000000000007a 0000000056e3bae8
0x0000000056e3ba60:   000000005b965a70 000000005b96da08
0x0000000056e3ba70:   00000000001a58a0 000000005647b030
0x0000000056e3ba80:   0000000000000200 0000000057c31e00
0x0000000056e3ba90:   00000000000000e3 000000005eec8538
0x0000000056e3baa0:   000000005647b030 0000000000000400
0x0000000056e3bab0:   0000000057c30e00 000000000000003b
0x0000000056e3bac0:   000000005b965a20 000000005647b030 

Instructions: (pc=0x000000005ed1756f)
0x000000005ed1754f:   00 49 8b 46 08 41 ff c7 49 83 c5 08 49 8b 5c 05
0x000000005ed1755f:   f8 48 85 db 0f 84 d3 00 00 00 48 8b 03 48 8b cb
0x000000005ed1756f:   ff 90 b0 00 00 00 84 c0 74 37 48 8b 03 48 8b cb
0x000000005ed1757f:   ff 50 10 84 c0 75 2a 48 8b 43 08 8b 7b 28 48 8b 


Register to memory mapping:

RAX=0x573c9fc800000000 is an unknown value
RBX=0x00000000573c9f94 is an unknown value
RCX=0x00000000573c9f94 is an unknown value
RDX=0x0000000000000000 is an unknown value
RSP=0x0000000056e3b9d0 is pointing into the stack for thread: 0x0000000056480800
RBP=0x000000005b90b108 is an unknown value
RSI=0x0000000056e3be80 is pointing into the stack for thread: 0x0000000056480800
RDI=0x0000000056e3ba98 is pointing into the stack for thread: 0x0000000056480800
R8 =0x0000000000000002 is an unknown value
R9 =0x0000000000000000 is an unknown value
R10=0x000000005b5ad008 is an unknown value
R11=0x0000000000000002 is an unknown value
R12=0x0000000056e3ba78 is pointing into the stack for thread: 0x0000000056480800
R13=0x0000000000000358 is an unknown value
R14=0x0000000057f52c68 is an unknown value
R15=0x000000000000006b is an unknown value


Stack: [0x0000000056d40000,0x0000000056e40000],  sp=0x0000000056e3b9d0,  free space=1006k
Native frames: (J=compiled Java code, j=interpreted, Vv=VM code, C=native code)
V  [jvm.dll+0x4b756f]
V  [jvm.dll+0x4b9767]
V  [jvm.dll+0x46baa8]
V  [jvm.dll+0x46ccbe]
V  [jvm.dll+0x4500d2]
V  [jvm.dll+0xa4312]
V  [jvm.dll+0xa4c4f]
V  [jvm.dll+0x241914]
V  [jvm.dll+0x29848a]
C  [msvcr100.dll+0x21d9f]
C  [msvcr100.dll+0x21e3b]
C  [kernel32.dll+0x159ed]
C  [ntdll.dll+0x2c541]


Current CompileTask:
C2: 101989 6015   !   4       java.net.URLClassLoader$1::run (63 bytes)


---------------  P R O C E S S  ---------------

Java Threads: ( => current thread )
  0x0000000058084000 JavaThread "pool-1-thread-1" [_thread_blocked, id=2544, stack(0x0000000060330000,0x0000000060430000)]
  0x0000000058162800 JavaThread "File lock request listener" [_thread_in_native, id=5320, stack(0x000000005d6b0000,0x000000005d7b0000)]
  0x0000000056753000 JavaThread "Daemon worker" [_thread_in_Java, id=5284, stack(0x0000000059010000,0x0000000059110000)]
  0x0000000057b29800 JavaThread "Cancel handler" [_thread_blocked, id=6720, stack(0x0000000059480000,0x0000000059580000)]
  0x0000000057b26800 JavaThread "Handler for socket connection from /127.0.0.1:2793 to /127.0.0.1:2794" [_thread_in_native, id=1724, stack(0x0000000059320000,0x0000000059420000)]
  0x00000000570d9800 JavaThread "Daemon" [_thread_blocked, id=3132, stack(0x0000000059140000,0x0000000059240000)]
  0x0000000057806800 JavaThread "Incoming local TCP Connector on port 2793" [_thread_in_native, id=6724, stack(0x0000000058e60000,0x0000000058f60000)]
  0x00000000564fc800 JavaThread "Service Thread" daemon [_thread_blocked, id=6196, stack(0x0000000056b40000,0x0000000056c40000)]
  0x0000000056481800 JavaThread "C1 CompilerThread2" daemon [_thread_in_vm, id=732, stack(0x0000000056ec0000,0x0000000056fc0000)]
=>0x0000000056480800 JavaThread "C2 CompilerThread1" daemon [_thread_in_native, id=6692, stack(0x0000000056d40000,0x0000000056e40000)]
  0x000000005647a000 JavaThread "C2 CompilerThread0" daemon [_thread_in_native, id=6244, stack(0x0000000056c40000,0x0000000056d40000)]
  0x000000005646a800 JavaThread "Attach Listener" daemon [_thread_blocked, id=2600, stack(0x0000000056a40000,0x0000000056b40000)]
  0x000000005508f000 JavaThread "Signal Dispatcher" daemon [_thread_blocked, id=6736, stack(0x0000000055f90000,0x0000000056090000)]
  0x000000005502a800 JavaThread "Finalizer" daemon [_thread_blocked, id=2552, stack(0x0000000056360000,0x0000000056460000)]
  0x0000000055021800 JavaThread "Reference Handler" daemon [_thread_blocked, id=3728, stack(0x0000000056230000,0x0000000056330000)]
  0x000000000247f800 JavaThread "main" [_thread_blocked, id=720, stack(0x00000000027e0000,0x00000000028e0000)]

Other Threads:
  0x000000005501c000 VMThread [stack: 0x00000000560a0000,0x00000000561a0000] [id=6628]
  0x0000000056512800 WatcherThread [stack: 0x00000000568b0000,0x00000000569b0000] [id=6704]

VM state:not at safepoint (normal execution)

VM Mutex/Monitor currently owned by a thread:  ([mutex/lock_event])
[0x000000000247e3c0] Compile_lock - owner thread: 0x0000000000000000

Heap:
 PSYoungGen      total 151552K, used 43638K [0x00000000eab00000, 0x00000000f5080000, 0x0000000100000000)
  eden space 138752K, 23% used [0x00000000eab00000,0x00000000eca32440,0x00000000f3280000)
  from space 12800K, 91% used [0x00000000f4400000,0x00000000f4f6b778,0x00000000f5080000)
  to   space 15360K, 0% used [0x00000000f3280000,0x00000000f3280000,0x00000000f4180000)
 ParOldGen       total 59392K, used 38299K [0x00000000c0000000, 0x00000000c3a00000, 0x00000000eab00000)
  object space 59392K, 64% used [0x00000000c0000000,0x00000000c2566ec8,0x00000000c3a00000)
 Metaspace       used 47276K, capacity 48814K, committed 49024K, reserved 1091584K
  class space    used 6328K, capacity 6951K, committed 7040K, reserved 1048576K

Card table byte_map: [0x0000000011ca0000,0x0000000011eb0000] byte_map_base: 0x00000000116a0000

Marking Bits: (ParMarkBitMap*) 0x000000005f064040
 Begin Bits: [0x0000000012490000, 0x0000000013490000)
 End Bits:   [0x0000000013490000, 0x0000000014490000)

Polling page: 0x0000000001c70000

CodeCache: size=245760Kb used=20409Kb max_used=20409Kb free=225350Kb
 bounds [0x00000000028e0000, 0x0000000003cf0000, 0x00000000118e0000]
 total_blobs=6041 nmethods=5349 adapters=602
 compilation: enabled

Compilation events (10 events):
Event: 101.775 Thread 0x0000000056481800 nmethod 6177 0x0000000003cb1cd0 code [0x0000000003cb1e60, 0x0000000003cb20f8]
Event: 101.775 Thread 0x0000000056481800 6179   !   3       com.sun.tools.javac.comp.Flow$FlowAnalyzer::visitVarDef (70 bytes)
Event: 101.777 Thread 0x0000000056481800 nmethod 6179 0x0000000003cb2250 code [0x0000000003cb2400, 0x0000000003cb2af8]
Event: 101.778 Thread 0x0000000056481800 6180       3       com.sun.tools.javac.comp.Flow$FlowAnalyzer::errorUncaught (195 bytes)
Event: 101.784 Thread 0x0000000056481800 nmethod 6180 0x0000000003cb2e50 code [0x0000000003cb3180, 0x0000000003cb4ea8]
Event: 101.784 Thread 0x0000000056481800 6181       3       com.sun.tools.javac.tree.TreeScanner::visitTypeIdent (1 bytes)
Event: 101.785 Thread 0x0000000056481800 nmethod 6181 0x0000000003cb5b10 code [0x0000000003cb5c60, 0x0000000003cb5db0]
Event: 101.785 Thread 0x0000000056481800 6165       3       com.sun.tools.javac.comp.Check$Validator::visitTypeIdent (39 bytes)
Event: 101.787 Thread 0x0000000056481800 nmethod 6165 0x0000000003cb5e50 code [0x0000000003cb6040, 0x0000000003cb6948]
Event: 101.787 Thread 0x0000000056481800 6183       3       com.sun.tools.javac.comp.TransTypes::visitVarDef (60 bytes)

GC Heap History (10 events):
Event: 55.709 GC heap before
{Heap before GC invocations=12 (full 1):
 PSYoungGen      total 86528K, used 85263K [0x00000000eab00000, 0x00000000f0b80000, 0x0000000100000000)
  eden space 79360K, 100% used [0x00000000eab00000,0x00000000ef880000,0x00000000ef880000)
  from space 7168K, 82% used [0x00000000f0000000,0x00000000f05c3e88,0x00000000f0700000)
  to   space 7680K, 0% used [0x00000000ef880000,0x00000000ef880000,0x00000000f0000000)
 ParOldGen       total 33280K, used 9654K [0x00000000c0000000, 0x00000000c2080000, 0x00000000eab00000)
  object space 33280K, 29% used [0x00000000c0000000,0x00000000c096da70,0x00000000c2080000)
 Metaspace       used 29407K, capacity 30220K, committed 30464K, reserved 1075200K
  class space    used 3766K, capacity 4073K, committed 4096K, reserved 1048576K
Event: 55.886 GC heap after
Heap after GC invocations=12 (full 1):
 PSYoungGen      total 87040K, used 6305K [0x00000000eab00000, 0x00000000f2780000, 0x0000000100000000)
  eden space 79360K, 0% used [0x00000000eab00000,0x00000000eab00000,0x00000000ef880000)
  from space 7680K, 82% used [0x00000000ef880000,0x00000000efea8560,0x00000000f0000000)
  to   space 8192K, 0% used [0x00000000f1f80000,0x00000000f1f80000,0x00000000f2780000)
 ParOldGen       total 33280K, used 13566K [0x00000000c0000000, 0x00000000c2080000, 0x00000000eab00000)
  object space 33280K, 40% used [0x00000000c0000000,0x00000000c0d3f928,0x00000000c2080000)
 Metaspace       used 29407K, capacity 30220K, committed 30464K, reserved 1075200K
  class space    used 3766K, capacity 4073K, committed 4096K, reserved 1048576K
}
Event: 63.069 GC heap before
{Heap before GC invocations=13 (full 1):
 PSYoungGen      total 87040K, used 67722K [0x00000000eab00000, 0x00000000f2780000, 0x0000000100000000)
  eden space 79360K, 77% used [0x00000000eab00000,0x00000000ee6fa568,0x00000000ef880000)
  from space 7680K, 82% used [0x00000000ef880000,0x00000000efea8560,0x00000000f0000000)
  to   space 8192K, 0% used [0x00000000f1f80000,0x00000000f1f80000,0x00000000f2780000)
 ParOldGen       total 33280K, used 13566K [0x00000000c0000000, 0x00000000c2080000, 0x00000000eab00000)
  object space 33280K, 40% used [0x00000000c0000000,0x00000000c0d3f928,0x00000000c2080000)
 Metaspace       used 34419K, capacity 35414K, committed 35456K, reserved 1079296K
  class space    used 4550K, capacity 4950K, committed 4992K, reserved 1048576K
Event: 63.198 GC heap after
Heap after GC invocations=13 (full 1):
 PSYoungGen      total 116736K, used 8175K [0x00000000eab00000, 0x00000000f2d00000, 0x0000000100000000)
  eden space 108544K, 0% used [0x00000000eab00000,0x00000000eab00000,0x00000000f1500000)
  from space 8192K, 99% used [0x00000000f1f80000,0x00000000f277bdd0,0x00000000f2780000)
  to   space 10752K, 0% used [0x00000000f1500000,0x00000000f1500000,0x00000000f1f80000)
 ParOldGen       total 33280K, used 17441K [0x00000000c0000000, 0x00000000c2080000, 0x00000000eab00000)
  object space 33280K, 52% used [0x00000000c0000000,0x00000000c1108750,0x00000000c2080000)
 Metaspace       used 34419K, capacity 35414K, committed 35456K, reserved 1079296K
  class space    used 4550K, capacity 4950K, committed 4992K, reserved 1048576K
}
Event: 63.199 GC heap before
{Heap before GC invocations=14 (full 2):
 PSYoungGen      total 116736K, used 8175K [0x00000000eab00000, 0x00000000f2d00000, 0x0000000100000000)
  eden space 108544K, 0% used [0x00000000eab00000,0x00000000eab00000,0x00000000f1500000)
  from space 8192K, 99% used [0x00000000f1f80000,0x00000000f277bdd0,0x00000000f2780000)
  to   space 10752K, 0% used [0x00000000f1500000,0x00000000f1500000,0x00000000f1f80000)
 ParOldGen       total 33280K, used 17441K [0x00000000c0000000, 0x00000000c2080000, 0x00000000eab00000)
  object space 33280K, 52% used [0x00000000c0000000,0x00000000c1108750,0x00000000c2080000)
 Metaspace       used 34419K, capacity 35414K, committed 35456K, reserved 1079296K
  class space    used 4550K, capacity 4950K, committed 4992K, reserved 1048576K
Event: 64.006 GC heap after
Heap after GC invocations=14 (full 2):
 PSYoungGen      total 116736K, used 0K [0x00000000eab00000, 0x00000000f2d00000, 0x0000000100000000)
  eden space 108544K, 0% used [0x00000000eab00000,0x00000000eab00000,0x00000000f1500000)
  from space 8192K, 0% used [0x00000000f1f80000,0x00000000f1f80000,0x00000000f2780000)
  to   space 10752K, 0% used [0x00000000f1500000,0x00000000f1500000,0x00000000f1f80000)
 ParOldGen       total 59392K, used 22561K [0x00000000c0000000, 0x00000000c3a00000, 0x00000000eab00000)
  object space 59392K, 37% used [0x00000000c0000000,0x00000000c1608520,0x00000000c3a00000)
 Metaspace       used 34419K, capacity 35414K, committed 35456K, reserved 1079296K
  class space    used 4550K, capacity 4950K, committed 4992K, reserved 1048576K
}
Event: 73.261 GC heap before
{Heap before GC invocations=15 (full 2):
 PSYoungGen      total 116736K, used 108544K [0x00000000eab00000, 0x00000000f2d00000, 0x0000000100000000)
  eden space 108544K, 100% used [0x00000000eab00000,0x00000000f1500000,0x00000000f1500000)
  from space 8192K, 0% used [0x00000000f1f80000,0x00000000f1f80000,0x00000000f2780000)
  to   space 10752K, 0% used [0x00000000f1500000,0x00000000f1500000,0x00000000f1f80000)
 ParOldGen       total 59392K, used 22561K [0x00000000c0000000, 0x00000000c3a00000, 0x00000000eab00000)
  object space 59392K, 37% used [0x00000000c0000000,0x00000000c1608520,0x00000000c3a00000)
 Metaspace       used 38430K, capacity 39688K, committed 39936K, reserved 1083392K
  class space    used 5135K, capacity 5578K, committed 5632K, reserved 1048576K
Event: 73.515 GC heap after
Heap after GC invocations=15 (full 2):
 PSYoungGen      total 119296K, used 10731K [0x00000000eab00000, 0x00000000f5200000, 0x0000000100000000)
  eden space 108544K, 0% used [0x00000000eab00000,0x00000000eab00000,0x00000000f1500000)
  from space 10752K, 99% used [0x00000000f1500000,0x00000000f1f7acc0,0x00000000f1f80000)
  to   space 14336K, 0% used [0x00000000f4400000,0x00000000f4400000,0x00000000f5200000)
 ParOldGen       total 59392K, used 27492K [0x00000000c0000000, 0x00000000c3a00000, 0x00000000eab00000)
  object space 59392K, 46% used [0x00000000c0000000,0x00000000c1ad92e8,0x00000000c3a00000)
 Metaspace       used 38430K, capacity 39688K, committed 39936K, reserved 1083392K
  class space    used 5135K, capacity 5578K, committed 5632K, reserved 1048576K
}
Event: 97.736 GC heap before
{Heap before GC invocations=16 (full 2):
 PSYoungGen      total 119296K, used 119275K [0x00000000eab00000, 0x00000000f5200000, 0x0000000100000000)
  eden space 108544K, 100% used [0x00000000eab00000,0x00000000f1500000,0x00000000f1500000)
  from space 10752K, 99% used [0x00000000f1500000,0x00000000f1f7acc0,0x00000000f1f80000)
  to   space 14336K, 0% used [0x00000000f4400000,0x00000000f4400000,0x00000000f5200000)
 ParOldGen       total 59392K, used 27492K [0x00000000c0000000, 0x00000000c3a00000, 0x00000000eab00000)
  object space 59392K, 46% used [0x00000000c0000000,0x00000000c1ad92e8,0x00000000c3a00000)
 Metaspace       used 45834K, capacity 47374K, committed 47616K, reserved 1089536K
  class space    used 6231K, capacity 6855K, committed 6912K, reserved 1048576K
Event: 97.849 GC heap after
Heap after GC invocations=16 (full 2):
 PSYoungGen      total 151552K, used 11693K [0x00000000eab00000, 0x00000000f5080000, 0x0000000100000000)
  eden space 138752K, 0% used [0x00000000eab00000,0x00000000eab00000,0x00000000f3280000)
  from space 12800K, 91% used [0x00000000f4400000,0x00000000f4f6b778,0x00000000f5080000)
  to   space 15360K, 0% used [0x00000000f3280000,0x00000000f3280000,0x00000000f4180000)
 ParOldGen       total 59392K, used 38299K [0x00000000c0000000, 0x00000000c3a00000, 0x00000000eab00000)
  object space 59392K, 64% used [0x00000000c0000000,0x00000000c2566ec8,0x00000000c3a00000)
 Metaspace       used 45834K, capacity 47374K, committed 47616K, reserved 1089536K
  class space    used 6231K, capacity 6855K, committed 6912K, reserved 1048576K
}

Deoptimization events (10 events):
Event: 101.092 Thread 0x0000000056753000 Uncommon trap: reason=unstable_if action=reinterpret pc=0x00000000032e034c method=com.sun.tools.javac.util.Convert.chars2utf([CI[BII)I @ 35
Event: 101.475 Thread 0x0000000056753000 Uncommon trap: reason=unstable_if action=reinterpret pc=0x0000000003bada3c method=com.sun.tools.javac.code.Scope.lookup(Lcom/sun/tools/javac/util/Name;Lcom/sun/tools/javac/util/Filter;)Lcom/sun/tools/javac/code/Scope$Entry; @ 19
Event: 101.541 Thread 0x0000000056753000 Uncommon trap: reason=bimorphic action=maybe_recompile pc=0x0000000003bb1064 method=com.sun.tools.javac.code.Types$18.visitClassType(Lcom/sun/tools/javac/code/Type$ClassType;Ljava/lang/Void;)Lcom/sun/tools/javac/code/Type; @ 54
Event: 101.541 Thread 0x0000000056753000 Uncommon trap: reason=bimorphic action=maybe_recompile pc=0x0000000003bb1064 method=com.sun.tools.javac.code.Types$18.visitClassType(Lcom/sun/tools/javac/code/Type$ClassType;Ljava/lang/Void;)Lcom/sun/tools/javac/code/Type; @ 54
Event: 101.541 Thread 0x0000000056753000 Uncommon trap: reason=bimorphic action=maybe_recompile pc=0x0000000003bb1064 method=com.sun.tools.javac.code.Types$18.visitClassType(Lcom/sun/tools/javac/code/Type$ClassType;Ljava/lang/Void;)Lcom/sun/tools/javac/code/Type; @ 54
Event: 101.541 Thread 0x0000000056753000 Uncommon trap: reason=unstable_if action=reinterpret pc=0x0000000003c1312c method=com.sun.tools.javac.code.Types$19.visitClassType(Lcom/sun/tools/javac/code/Type$ClassType;Ljava/lang/Void;)Lcom/sun/tools/javac/util/List; @ 67
Event: 101.541 Thread 0x0000000056753000 Uncommon trap: reason=unstable_if action=reinterpret pc=0x0000000003c29edc method=com.sun.tools.javac.code.Types$19.visitClassType(Lcom/sun/tools/javac/code/Type$ClassType;Ljava/lang/Void;)Lcom/sun/tools/javac/util/List; @ 67
Event: 101.541 Thread 0x0000000056753000 Uncommon trap: reason=bimorphic action=maybe_recompile pc=0x0000000003bb1064 method=com.sun.tools.javac.code.Types$18.visitClassType(Lcom/sun/tools/javac/code/Type$ClassType;Ljava/lang/Void;)Lcom/sun/tools/javac/code/Type; @ 54
Event: 101.542 Thread 0x0000000056753000 Uncommon trap: reason=unstable_if action=reinterpret pc=0x0000000003bed374 method=com.sun.tools.javac.code.Types$18.visitClassType(Lcom/sun/tools/javac/code/Type$ClassType;Ljava/lang/Void;)Lcom/sun/tools/javac/code/Type; @ 75
Event: 101.603 Thread 0x0000000056753000 Uncommon trap: reason=unstable_if action=reinterpret pc=0x0000000003ac8144 method=com.sun.tools.javac.util.ListBuffer.append(Ljava/lang/Object;)Lcom/sun/tools/javac/util/ListBuffer; @ 9

Internal exceptions (10 events):
Event: 89.256 Thread 0x0000000056753000 Exception <a 'java/lang/ClassNotFoundException': com/android/ide/common/process/ProcessEnvBuilderBeanInfo> (0x00000000efc46938) thrown at [D:\re\workspace\8-2-build-windows-amd64-cygwin\jdk8u40\3098\hotspot\src\share\vm\classfile\systemDictionary.cpp, line«∆F]vPV@
Event: 89.257 Thread 0x0000000056753000 Exception <a 'java/lang/ClassNotFoundException': com/android/ide/common/process/ProcessEnvBuilderCustomizer> (0x00000000efc51df0) thrown at [D:\re\workspace\8-2-build-windows-amd64-cygwin\jdk8u40\3098\hotspot\src\share\vm\classfile\systemDictionary.cpp, liÎ∫jîPV@
Event: 89.259 Thread 0x0000000056753000 Exception <a 'java/lang/ClassNotFoundException': com/android/builder/core/AaptPackageProcessBuilderCustomizer> (0x00000000efc61de8) thrown at [D:\re\workspace\8-2-build-windows-amd64-cygwin\jdk8u40\3098\hotspot\src\share\vm\classfile\systemDictionary.cpp, o†ÉêTV@
Event: 89.321 Thread 0x0000000056753000 Exception <a 'java/lang/ClassNotFoundException': org/gradle/api/logging/LogLevelBeanInfo> (0x00000000efd0d4d0) thrown at [D:\re\workspace\8-2-build-windows-amd64-cygwin\jdk8u40\3098\hotspot\src\share\vm\classfile\systemDictionary.cpp, line 210]
Event: 89.343 Thread 0x0000000056753000 Exception <a 'java/lang/ClassNotFoundException': org/gradle/api/logging/LogLevelCustomizer> (0x00000000efd280d0) thrown at [D:\re\workspace\8-2-build-windows-amd64-cygwin\jdk8u40\3098\hotspot\src\share\vm\classfile\systemDictionary.cpp, line 210]
Event: 94.951 Thread 0x0000000056753000 Exception <a 'java/lang/ClassNotFoundException': org/gradle/api/internal/TaskInternalBeanInfo> (0x00000000f097ca80) thrown at [D:\re\workspace\8-2-build-windows-amd64-cygwin\jdk8u40\3098\hotspot\src\share\vm\classfile\systemDictionary.cpp, line 210]
Event: 94.953 Thread 0x0000000056753000 Exception <a 'java/lang/ClassNotFoundException': org/gradle/api/internal/TaskInternalCustomizer> (0x00000000f09996a8) thrown at [D:\re\workspace\8-2-build-windows-amd64-cygwin\jdk8u40\3098\hotspot\src\share\vm\classfile\systemDictionary.cpp, line 210]
Event: 94.959 Thread 0x0000000056753000 Exception <a 'java/lang/ClassNotFoundException': org/gradle/api/TaskBeanInfo> (0x00000000f09cdec8) thrown at [D:\re\workspace\8-2-build-windows-amd64-cygwin\jdk8u40\3098\hotspot\src\share\vm\classfile\systemDictionary.cpp, line 210]
Event: 94.961 Thread 0x0000000056753000 Exception <a 'java/lang/ClassNotFoundException': org/gradle/api/TaskCustomizer> (0x00000000f09e47f8) thrown at [D:\re\workspace\8-2-build-windows-amd64-cygwin\jdk8u40\3098\hotspot\src\share\vm\classfile\systemDictionary.cpp, line 210]
Event: 95.128 Thread 0x0000000056753000 Exception <a 'java/lang/ClassNotFoundException': com/sun/tools/javac/api/JavacTool> (0x00000000f0b6e618) thrown at [D:\re\workspace\8-2-build-windows-amd64-cygwin\jdk8u40\3098\hotspot\src\share\vm\classfile\systemDictionary.cpp, line 210]

Events (10 events):
Event: 101.541 Thread 0x0000000056753000 DEOPT PACKING pc=0x0000000003bb1064 sp=0x000000005910afe0
Event: 101.542 Thread 0x0000000056753000 DEOPT UNPACKING pc=0x000000000292582a sp=0x000000005910af40 mode 2
Event: 101.542 Thread 0x0000000056753000 Uncommon trap: trap_request=0xffffff65 fr.pc=0x0000000003bed374
Event: 101.542 Thread 0x0000000056753000 DEOPT PACKING pc=0x0000000003bed374 sp=0x000000005910ae20
Event: 101.542 Thread 0x0000000056753000 DEOPT UNPACKING pc=0x000000000292582a sp=0x000000005910ae20 mode 2
Event: 101.603 Thread 0x0000000056753000 Uncommon trap: trap_request=0xffffff65 fr.pc=0x0000000003ac8144
Event: 101.603 Thread 0x0000000056753000 DEOPT PACKING pc=0x0000000003ac8144 sp=0x000000005910bee0
Event: 101.603 Thread 0x0000000056753000 DEOPT UNPACKING pc=0x000000000292582a sp=0x000000005910be80 mode 2
Event: 101.671 loading class com/sun/tools/javac/comp/Lower$1Patcher
Event: 101.671 loading class com/sun/tools/javac/comp/Lower$1Patcher done


Dynamic libraries:
0x000000013f840000 - 0x000000013f877000 	C:\Program Files\Java\jdk1.8.0_40\bin\java.exe
0x00000000770e0000 - 0x0000000077289000 	C:\Windows\SYSTEM32\ntdll.dll
0x0000000076ec0000 - 0x0000000076fdf000 	C:\Windows\system32\kernel32.dll
0x000007fefd040000 - 0x000007fefd0ac000 	C:\Windows\system32\KERNELBASE.dll
0x000007fefd930000 - 0x000007fefda0b000 	C:\Windows\system32\ADVAPI32.dll
0x000007feff350000 - 0x000007feff3ef000 	C:\Windows\system32\msvcrt.dll
0x000007feff2c0000 - 0x000007feff2df000 	C:\Windows\SYSTEM32\sechost.dll
0x000007fefd5f0000 - 0x000007fefd71d000 	C:\Windows\system32\RPCRT4.dll
0x0000000076fe0000 - 0x00000000770da000 	C:\Windows\system32\USER32.dll
0x000007feff2e0000 - 0x000007feff347000 	C:\Windows\system32\GDI32.dll
0x000007fefeb10000 - 0x000007fefeb1e000 	C:\Windows\system32\LPK.dll
0x000007fefeb20000 - 0x000007fefebe9000 	C:\Windows\system32\USP10.dll
0x000007fefba00000 - 0x000007fefbbf4000 	C:\Windows\WinSxS\amd64_microsoft.windows.common-controls_6595b64144ccf1df_6.0.7601.17514_none_fa396087175ac9ac\COMCTL32.dll
0x000007feff1c0000 - 0x000007feff231000 	C:\Windows\system32\SHLWAPI.dll
0x000007feff240000 - 0x000007feff26e000 	C:\Windows\system32\IMM32.DLL
0x000007feff0b0000 - 0x000007feff1b9000 	C:\Windows\system32\MSCTF.dll
0x0000000058d10000 - 0x0000000058de2000 	C:\Program Files\Java\jdk1.8.0_40\jre\bin\msvcr100.dll
0x000000005e860000 - 0x000000005f0e3000 	C:\Program Files\Java\jdk1.8.0_40\jre\bin\server\jvm.dll
0x000007fef88b0000 - 0x000007fef88b9000 	C:\Windows\system32\WSOCK32.dll
0x000007feff270000 - 0x000007feff2bd000 	C:\Windows\system32\WS2_32.dll
0x000007feff040000 - 0x000007feff048000 	C:\Windows\system32\NSI.dll
0x000007fefa670000 - 0x000007fefa6ab000 	C:\Windows\system32\WINMM.dll
0x000007fefbf20000 - 0x000007fefbf2c000 	C:\Windows\system32\VERSION.dll
0x00000000772b0000 - 0x00000000772b7000 	C:\Windows\system32\PSAPI.DLL
0x0000000060680000 - 0x000000006068f000 	C:\Program Files\Java\jdk1.8.0_40\jre\bin\verify.dll
0x00000000605f0000 - 0x0000000060619000 	C:\Program Files\Java\jdk1.8.0_40\jre\bin\java.dll
0x0000000060630000 - 0x0000000060646000 	C:\Program Files\Java\jdk1.8.0_40\jre\bin\zip.dll
0x000007fefdd80000 - 0x000007fefeb08000 	C:\Windows\system32\SHELL32.dll
0x000007fefd720000 - 0x000007fefd923000 	C:\Windows\system32\ole32.dll
0x000007fefcea0000 - 0x000007fefceaf000 	C:\Windows\system32\profapi.dll
0x000007fefc6e0000 - 0x000007fefc6f8000 	C:\Windows\system32\CRYPTSP.dll
0x000007fefc3e0000 - 0x000007fefc427000 	C:\Windows\system32\rsaenh.dll
0x000007fefd220000 - 0x000007fefd23e000 	C:\Windows\system32\USERENV.dll
0x000007fefcd40000 - 0x000007fefcd4f000 	C:\Windows\system32\CRYPTBASE.dll
0x0000000060580000 - 0x000000006059a000 	C:\Program Files\Java\jdk1.8.0_40\jre\bin\net.dll
0x000007fefc680000 - 0x000007fefc6d5000 	C:\Windows\system32\mswsock.dll
0x000007fefc670000 - 0x000007fefc677000 	C:\Windows\System32\wship6.dll
0x000007fefa770000 - 0x000007fefa797000 	C:\Windows\system32\IPHLPAPI.DLL
0x000007fefa760000 - 0x000007fefa76b000 	C:\Windows\system32\WINNSI.DLL
0x000007fef9dd0000 - 0x000007fef9de1000 	C:\Windows\system32\dhcpcsvc6.DLL
0x000007fef9ed0000 - 0x000007fef9ee8000 	C:\Windows\system32\dhcpcsvc.DLL
0x0000000060560000 - 0x0000000060571000 	C:\Program Files\Java\jdk1.8.0_40\jre\bin\nio.dll
0x000007fef43d0000 - 0x000007fef43e2000 	C:\Users\J\AppData\Local\Temp\native-platform745742067380036781dir\native-platform.dll
0x000007fefcce0000 - 0x000007fefcd37000 	C:\Windows\system32\apphelp.dll
0x000007fee3410000 - 0x000007fee3535000 	C:\Windows\system32\dbghelp.dll

VM Arguments:
jvm_args: -XX:MaxPermSize=256m -XX:+HeapDumpOnOutOfMemoryError -Xmx1024m -Dfile.encoding=x-windows-950 -Duser.country=TW -Duser.language=zh -Duser.variant 
java_command: org.gradle.launcher.daemon.bootstrap.GradleDaemon 2.2.1 C:\Users\J\.gradle\daemon 10800000 fb5761b7-b203-4cc3-9b91-8cb23df67726 -XX:MaxPermSize=256m -XX:+HeapDumpOnOutOfMemoryError -Xmx1024m -Dfile.encoding=x-windows-950 -Duser.country=TW -Duser.language=zh -Duser.variant
java_class_path (initial): C:\Program Files\Android\Android Studio\gradle\gradle-2.2.1\lib\gradle-launcher-2.2.1.jar
Launcher Type: SUN_STANDARD

Environment Variables:
JAVA_HOME=C:\Program Files\Java\jdk1.8.0_40\bin
PATH=C:\ProgramData\Oracle\Java\javapath;C:\Program Files\Java\jdk1.8.0_25\bin;C:\Program Files\Common Files\Microsoft Shared\Windows Live;C:\Program Files (x86)\Common Files\Microsoft Shared\Windows Live;C:\Windows\system32;C:\Windows;C:\Windows\System32\Wbem;C:\Windows\System32\WindowsPowerShell\v1.0\;C:\Program Files (x86)\Windows Live\Shared;c:\Program Files (x86)\Microsoft SQL Server\100\Tools\Binn\;c:\Program Files\Microsoft SQL Server\100\Tools\Binn\;c:\Program Files\Microsoft SQL Server\100\DTS\Binn\;C:\Program Files (x86)\Windows Kits\8.1\Windows Performance Toolkit\;C:\Program Files\Microsoft SQL Server\110\Tools\Binn\;C:\Program Files (x86)\Microsoft SDKs\TypeScript\1.0\;C:\Program Files (x86)\Shield;C:\Program Files (x86)\Microsoft SQL Server Migration Assistant for MySQL\bin\;C:\Program Files\MATLAB\R2011a\runtime\win64;C:\Program Files\MATLAB\R2011a\bin;C:\Program Files\Java\jdk1.8.0_40\bin;C:\Program Files\Microsoft SQL Server\110\DTS\Binn\;C:\Program Files (x86)\Microsoft SQL Server\110\Tools\Binn\;C:\Program Files (x86)\Microsoft SQL Server\110\Tools\Binn\ManagementStudio\;C:\Program Files (x86)\Microsoft Visual Studio 10.0\Common7\IDE\PrivateAssemblies\;C:\Program Files (x86)\Microsoft SQL Server\110\DTS\Binn\;
USERNAME=J
OS=Windows_NT
PROCESSOR_IDENTIFIER=Intel64 Family 6 Model 42 Stepping 7, GenuineIntel



---------------  S Y S T E M  ---------------

OS: Windows 7 , 64 bit Build 7601 (6.1.7601.18409)

CPU:total 4 (2 cores per cpu, 2 threads per core) family 6 model 42 stepping 7, cmov, cx8, fxsr, mmx, sse, sse2, sse3, ssse3, sse4.1, sse4.2, popcnt, avx, clmul, ht, tsc, tscinvbit

Memory: 4k page, physical 4170524k(1008500k free), swap 8339184k(3529100k free)

vm_info: Java HotSpot(TM) 64-Bit Server VM (25.40-b25) for windows-amd64 JRE (1.8.0_40-b26), built on Mar  7 2015 13:51:59 by "java_re" with MS VC++ 10.0 (VS2010)

time: Sun May 17 12:35:24 2015
elapsed time: 102 seconds (0d 0h 1m 42s)

